<h2>Reporter output</h2><table><tr><td>LoginTest Test started</td></tr>
<tr><td>testLoginToApplication Test started</td></tr>
<tr><td><a href='F:\vamshi\liveprojects\pageObjectsEcom\test-output\ScreenShots\blank_17_10_2021_11_13_11.png'><img src='F:\vamshi\liveprojects\pageObjectsEcom\test-output\ScreenShots\blank_17_10_2021_11_13_11.png'height='100' width='100'/></a></td></tr>
<tr><td><a href='F:\vamshi\liveprojects\pageObjectsEcom\test-output\ScreenShots\blank_17_10_2021_11_13_18.png'><img src='F:\vamshi\liveprojects\pageObjectsEcom\test-output\ScreenShots\blank_17_10_2021_11_13_18.png'height='100' width='100'/></a></td></tr>
<tr><td>testLoginToApplication Test passed</td></tr>
<tr><td><a href='F:\vamshi\liveprojects\pageObjectsEcom\test-output\ScreenShots\testLoginToApplication_17_10_2021_11_13_19.png'><img src='F:\vamshi\liveprojects\pageObjectsEcom\test-output\ScreenShots\testLoginToApplication_17_10_2021_11_13_19.png'height='100' width='100'/></a></td></tr>
<tr><td>LoginTest Test finished</td></tr>
<tr><td>Registration Test Test started</td></tr>
<tr><td>testRegistration Test started</td></tr>
<tr><td><a href='F:\vamshi\liveprojects\pageObjectsEcom\test-output\ScreenShots\blank_17_10_2021_11_13_35.png'><img src='F:\vamshi\liveprojects\pageObjectsEcom\test-output\ScreenShots\blank_17_10_2021_11_13_35.png'height='100' width='100'/></a></td></tr>
<tr><td>testRegistration Test failed org.openqa.selenium.TimeoutException: Expected condition failed: waiting for visibility of [[ChromeDriver: chrome on WINDOWS (45372fbafe04ae29bc0f22906cf18a7f)] -> xpath: //*[@id='id_gender1']] (tried for 120 second(s) with 500 milliseconds interval)
Build info: version: '3.141.59', revision: 'e82be7d358', time: '2018-11-14T08:17:03'
System info: host: 'DESKTOP-81TSAC2', ip: '192.168.1.106', os.name: 'Windows 10', os.arch: 'amd64', os.version: '10.0', java.version: '11.0.12'
Driver info: org.openqa.selenium.chrome.ChromeDriver
Capabilities {acceptInsecureCerts: false, browserName: chrome, browserVersion: 94.0.4606.81, chrome: {chromedriverVersion: 94.0.4606.61 (418b78f5838ed..., userDataDir: C:\Users\Sandeep\AppData\Lo...}, goog:chromeOptions: {debuggerAddress: localhost:53051}, javascriptEnabled: true, networkConnectionEnabled: false, pageLoadStrategy: normal, platform: WINDOWS, platformName: WINDOWS, proxy: Proxy(), setWindowRect: true, strictFileInteractability: false, timeouts: {implicit: 0, pageLoad: 300000, script: 30000}, unhandledPromptBehavior: dismiss and notify, webauthn:extension:credBlob: true, webauthn:extension:largeBlob: true, webauthn:virtualAuthenticators: true}
Session ID: 45372fbafe04ae29bc0f22906cf18a7f</td></tr>
<tr><td><a href='F:\vamshi\liveprojects\pageObjectsEcom\test-output\ScreenShots\testRegistration_17_10_2021_11_15_41.png'><img src='F:\vamshi\liveprojects\pageObjectsEcom\test-output\ScreenShots\testRegistration_17_10_2021_11_15_41.png'height='100' width='100'/></a></td></tr>
<tr><td>Registration Test Test finished</td></tr>
<tr><td>VerifylowestFirstPriceFilter Test Test started</td></tr>
<tr><td>verifyLowestFirstPriceListInProduct_deatilsPage Test started</td></tr>
<tr><td><a href='F:\vamshi\liveprojects\pageObjectsEcom\test-output\ScreenShots\blank_17_10_2021_11_15_53.png'><img src='F:\vamshi\liveprojects\pageObjectsEcom\test-output\ScreenShots\blank_17_10_2021_11_15_53.png'height='100' width='100'/></a></td></tr>
<tr><td><a href='F:\vamshi\liveprojects\pageObjectsEcom\test-output\ScreenShots\blank_17_10_2021_11_15_57.png'><img src='F:\vamshi\liveprojects\pageObjectsEcom\test-output\ScreenShots\blank_17_10_2021_11_15_57.png'height='100' width='100'/></a></td></tr>
<tr><td>verifyLowestFirstPriceListInProduct_deatilsPage Test failed java.lang.AssertionError: expected [true] but found [false]</td></tr>
<tr><td><a href='F:\vamshi\liveprojects\pageObjectsEcom\test-output\ScreenShots\verifyLowestFirstPriceListInProduct_deatilsPage_17_10_2021_11_16_06.png'><img src='F:\vamshi\liveprojects\pageObjectsEcom\test-output\ScreenShots\verifyLowestFirstPriceListInProduct_deatilsPage_17_10_2021_11_16_06.png'height='100' width='100'/></a></td></tr>
<tr><td>VerifylowestFirstPriceFilter Test Test finished</td></tr>
<tr><td>VerifyProductCounts Test Test started</td></tr>
<tr><td>testVerifyProductCounts Test started</td></tr>
<tr><td><a href='F:\vamshi\liveprojects\pageObjectsEcom\test-output\ScreenShots\blank_17_10_2021_11_16_18.png'><img src='F:\vamshi\liveprojects\pageObjectsEcom\test-output\ScreenShots\blank_17_10_2021_11_16_18.png'height='100' width='100'/></a></td></tr>
<tr><td><a href='F:\vamshi\liveprojects\pageObjectsEcom\test-output\ScreenShots\blank_17_10_2021_11_16_22.png'><img src='F:\vamshi\liveprojects\pageObjectsEcom\test-output\ScreenShots\blank_17_10_2021_11_16_22.png'height='100' width='100'/></a></td></tr>
<tr><td>testVerifyProductCounts Test failed org.openqa.selenium.JavascriptException: javascript error: argument is not defined
  (Session info: chrome=94.0.4606.81)
Build info: version: '3.141.59', revision: 'e82be7d358', time: '2018-11-14T08:17:03'
System info: host: 'DESKTOP-81TSAC2', ip: '192.168.1.106', os.name: 'Windows 10', os.arch: 'amd64', os.version: '10.0', java.version: '11.0.12'
Driver info: org.openqa.selenium.chrome.ChromeDriver
Capabilities {acceptInsecureCerts: false, browserName: chrome, browserVersion: 94.0.4606.81, chrome: {chromedriverVersion: 94.0.4606.61 (418b78f5838ed..., userDataDir: C:\Users\Sandeep\AppData\Lo...}, goog:chromeOptions: {debuggerAddress: localhost:64979}, javascriptEnabled: true, networkConnectionEnabled: false, pageLoadStrategy: normal, platform: WINDOWS, platformName: WINDOWS, proxy: Proxy(), setWindowRect: true, strictFileInteractability: false, timeouts: {implicit: 0, pageLoad: 300000, script: 30000}, unhandledPromptBehavior: dismiss and notify, webauthn:extension:credBlob: true, webauthn:extension:largeBlob: true, webauthn:virtualAuthenticators: true}
Session ID: c5db365a427e7fa3172bc05fc562cc70</td></tr>
<tr><td><a href='F:\vamshi\liveprojects\pageObjectsEcom\test-output\ScreenShots\testVerifyProductCounts_17_10_2021_11_16_22.png'><img src='F:\vamshi\liveprojects\pageObjectsEcom\test-output\ScreenShots\testVerifyProductCounts_17_10_2021_11_16_22.png'height='100' width='100'/></a></td></tr>
</table>